23922440	"Tuple{typeof(Pkg.API.project)}"
23254580	"Tuple{typeof(Base.deepcopy_internal), Any, Base.IdDict{Any, Any}}"
4801706	"Tuple{typeof(Base.deepcopy_internal), Tuple{UInt64}, Base.IdDict{Any, Any}}"
6993970	"Tuple{Type{NamedTuple{(:name, :uuid, :version, :ispackage, :dependencies, :path), T} where T<:Tuple}, Tuple{String, Base.UUID, Base.VersionNumber, Bool, Base.Dict{String, Base.UUID}, String}}"
5497625	"Tuple{typeof(Base.getproperty), Pkg.API.ProjectInfo, Symbol}"
10761360	"Tuple{typeof(Base.:(∉)), String, Array{String, 1}}"
3704988	"Tuple{typeof(Base.:(!=)), UInt64, UInt64}"
8075527	"Tuple{typeof(Parsers.__init__)}"
16575951	"Tuple{typeof(Base.Threads.resize_nthreads!), Array{Base.MPFR.BigFloat, 1}, Base.MPFR.BigFloat}"
9158614	"Tuple{typeof(Base.get!), Base.MPFR.var"#22#23"{Base.MPFR.BigFloat}, Base.IdDict{Any, Any}, Any}"
21318738	"Tuple{typeof(Base.Threads.resize_nthreads!), Array{Base.GMP.BigInt, 1}, Base.GMP.BigInt}"
10742347	"Tuple{typeof(MbedTLS.f_send), Ptr{Nothing}, Ptr{UInt8}, UInt64}"
9730147	"Tuple{typeof(MbedTLS.f_recv), Ptr{Nothing}, Ptr{UInt8}, UInt64}"
50069143	"Tuple{typeof(MbedTLS.__init__)}"
1297861	"Tuple{typeof(PyCall._set_finalized)}"
2503795	"Tuple{typeof(PyCall.pyjlwrap_dealloc), Ptr{PyCall.PyObject_struct}}"
4434057	"Tuple{typeof(PyCall.pyjlwrap_repr), Ptr{PyCall.PyObject_struct}}"
2699478	"Tuple{typeof(PyCall.pyjlwrap_hash), Ptr{PyCall.PyObject_struct}}"
2635600	"Tuple{typeof(PyCall.pyjlwrap_hash32), Ptr{PyCall.PyObject_struct}}"
2635881	"Tuple{typeof(PyCall.pyjlwrap_call), Ptr{PyCall.PyObject_struct}, Ptr{PyCall.PyObject_struct}, Ptr{PyCall.PyObject_struct}}"
21544321	"Tuple{typeof(PyCall.pyjlwrap_getattr), Ptr{PyCall.PyObject_struct}, Ptr{PyCall.PyObject_struct}}"
4102067	"Tuple{typeof(PyCall.pyjlwrap_getiter), Ptr{PyCall.PyObject_struct}}"
298555323	"Tuple{typeof(PyCall.__init__)}"
10994719	"Tuple{typeof(Base.empty!), Base.Dict{Module, PyCall.PyDict{String, PyCall.PyObject, true}}}"
10920162	"Tuple{typeof(Base.empty!), Base.Dict{Symbol, Base.Timer}}"
10747546	"Tuple{typeof(Base.empty!), Base.Dict{Symbol, Ptr{Nothing}}}"
10890063	"Tuple{typeof(Base.empty!), Base.Dict{Ptr{PyCall.PyObject_struct}, Any}}"
6923332	"Tuple{typeof(Base.empty!), Base.IdDict{DataType, Ptr{PyCall.PyObject_struct}}}"
10054637	"Tuple{typeof(PyCall.Py_SetPythonHome), Ptr{Nothing}, Base.VersionNumber, String}"
36214220	"Tuple{typeof(PyCall._preserveas!), Array{UInt8, 1}, Type{Base.Cwstring}, String}"
1065418	"Tuple{typeof(Base.convert), Type{PyCall.PyObject}, PyCall.PyObject}"
11885033	"Tuple{typeof(Base.setindex!), Base.IdDict{DataType, Ptr{PyCall.PyObject_struct}}, Any, Any}"
17984969	"Tuple{typeof(Base._append!), Array{PyCall.PyMemberDef, 1}, Base.HasLength, Tuple{PyCall.PyMemberDef, PyCall.PyMemberDef}}"
7891232	"Tuple{typeof(PyCall.pyerror), String}"
5534993	"Tuple{typeof(Base.getproperty), PyCall.PyError, Symbol}"
3580062	"Tuple{typeof(Base.unsafe_load), Ptr{Ptr{PyCall.PyObject_struct}}}"
1815786	"Tuple{typeof(PyCall.pyisinstance), PyCall.PyObject, Ptr{PyCall.PyObject_struct}}"
3743258	"Tuple{typeof(Base.escape_string), String}"
2007579	"Tuple{typeof(PyCall.pyerror), String, PyCall.PyError}"
86528345	"Tuple{typeof(Base.get!), PyCall.var"#115#116"{Module}, Base.Dict{Module, PyCall.PyDict{String, PyCall.PyObject, true}}, Module}"
1687329	"Tuple{typeof(PyCall.pydecref), PyCall.PyObject}"
1036709	"Tuple{typeof(PyCall.pydecref), PyCall.PyBuffer}"
7026089	"Tuple{typeof(URIs.__init__)}"
18715926	"Tuple{typeof(HTTP.Parsers.__init__)}"
6818935	"Tuple{typeof(HTTP.CookieRequest.__init__)}"
19730886	"Tuple{typeof(HTTP.ConnectionRequest.__init__)}"
6752916	"Tuple{typeof(HTTP.Servers.__init__)}"
15213092	"Tuple{typeof(HTTP.MultiPartParsing.__init__)}"
606296809	"Tuple{typeof(Artifacts._artifact_str), Module, String, Base.SubString{String}, String, Base.Dict{String, Any}, Base.SHA1, Base.BinaryPlatforms.Platform, Any}"
2338820	"Tuple{typeof(Base.invokelatest), Any}"
11416457	"Tuple{typeof(Base.vcat), Array{String, 1}, Array{String, 1}}"
13269350	"Tuple{typeof(SodiumSeal.__init__)}"
11665349	"Tuple{typeof(GitHub.__init__)}"
6034728	"Tuple{Type{MbedTLS.Entropy}}"
12321619	"Tuple{EzXML.var"#1#2", Ptr{Nothing}, Ptr{Nothing}}"
23419045	"Tuple{typeof(EzXML.__init__)}"
6558143	"Tuple{typeof(Blosc.__init__)}"
6353439	"Tuple{typeof(AWS.__init__)}"
7968960	"Tuple{Type{OrderedCollections.LittleDict{Symbol, Any, Array{Symbol, 1}, Array{Any, 1}}}, Array{Symbol, 1}, Array{Any, 1}}"
22496023	"Tuple{typeof(Backtest.Misc.Pbar.__init__)}"
9264711	"Tuple{PyCall.PyObject}"
5057578	"Tuple{typeof(Backtest.Exchanges.__init__)}"
12204892	"Tuple{typeof(Backtest.Data.__init__)}"
2057908	"Tuple{typeof(Requires.isprecompiling)}"
11932931	"Tuple{typeof(Backtest.Analysis.__init__)}"
4891032	"Tuple{Type{NamedTuple{(:exchange,), T} where T<:Tuple}, Tuple{String}}"
36181901	"Tuple{typeof(Base._compute_eltype), Any}"
9890823	"Tuple{typeof(Base.setindex!), Base.IdDict{Any, Nothing}, Any, Any}"
2252952	"Tuple{typeof(Core.Compiler.convert), Type{DataType}, Type{Tuple{Base.SubArray{T, N, P, I, L} where L where I where P where N where T, Int64}}}"
2447157	"Tuple{typeof(Core.Compiler.convert), Type{DataType}, Type{Tuple{Type{SuiteSparse.CHOLMOD.Sparse{T}} where T<:Integer, Int64}}}"
2194444	"Tuple{typeof(Core.Compiler.convert), Type{DataType}, Type{Tuple{Type{SuiteSparse.CHOLMOD.Sparse{T}} where T, Int64}}}"
2379878	"Tuple{typeof(Core.Compiler.convert), Type{DataType}, Type{Tuple{Type{T} where T<:Union{Base.Missing, Float32, Float64}, Int64}}}"
14542452	"Tuple{Base.var"##s78#203", Any, Any, Any, Any, Any}"
14040287	"Tuple{typeof(Base.merge_types), Tuple{Vararg{Symbol}}, Type{var"#s78"} where var"#s78"<:(NamedTuple{names, T} where T<:Tuple where names), Type{var"#s77"} where var"#s77"<:(NamedTuple{names, T} where T<:Tuple where names)}"
1053707523	"Tuple{BacktestCLI.var"#fetch##kw", NamedTuple{(:exchange,), Tuple{String}}, typeof(BacktestCLI.fetch), String}"
24278649	"Tuple{typeof(Base.CoreLogging.shouldlog), Logging.ConsoleLogger, Base.CoreLogging.LogLevel, Module, Symbol, Symbol}"
8233132	"Tuple{typeof(Base.CoreLogging.handle_message), Logging.ConsoleLogger, Base.CoreLogging.LogLevel, Any, Any, Any, Any, Any, Any}"
95590072	"Tuple{Logging.var"##handle_message#3", Base.Pairs{Symbol, V, Tuple{Vararg{Symbol, N}}, NamedTuple{names, T}} where T<:Tuple{Vararg{Any, N}} where names where N where V, typeof(Base.CoreLogging.handle_message), Logging.ConsoleLogger, Base.CoreLogging.LogLevel, Any, Any, Any, Any, Any, Any}"
24771444	"Tuple{typeof(Logging.default_metafmt), Base.CoreLogging.LogLevel, Any, Any, Any, Any, Any}"
5681699	"Tuple{Base.var"#with_output_color##kw", NamedTuple{(:bold, :underline, :blink, :reverse, :hidden), Tuple{Bool, Bool, Bool, Bool, Bool}}, typeof(Base.with_output_color), Function, Symbol, Base.IOContext{Base.GenericIOBuffer{Array{UInt8, 1}}}, String}"
55403112	"Tuple{typeof(Backtest.Exchanges.loadmarkets!), PyCall.PyObject}"
4355339	"Tuple{typeof(Base.convert), Type{Base.Dict{PyCall.PyAny, PyCall.PyAny}}, PyCall.PyObject}"
1291062	"Tuple{Type{PyCall.PyDict{PyCall.PyAny, PyCall.PyAny, true}}, PyCall.PyObject}"
21935509	"Tuple{typeof(Base.copy), PyCall.PyDict{PyCall.PyAny, PyCall.PyAny, true}}"
3750017	"Tuple{typeof(Base.unsafe_convert), Type{Ref{Int64}}, Base.RefValue{Int64}}"
3696369	"Tuple{typeof(Base.unsafe_convert), Type{Ref{Ptr{PyCall.PyObject_struct}}}, Base.RefValue{Ptr{PyCall.PyObject_struct}}}"
4061947	"Tuple{typeof(Base.keys), Base.Dict{Any, Any}}"
4781076	"Tuple{typeof(Base.in), String, Base.KeySet{Any, Base.Dict{Any, Any}}}"
9057628	"Tuple{Base.var"##sprint#426", Nothing, Int64, typeof(Base.sprint), Function, Base.KeySet{String, Base.Dict{String, DataType}}, Vararg{Any}}"
22442344	"Tuple{typeof(Base.join), Base.GenericIOBuffer{Array{UInt8, 1}}, Base.KeySet{String, Base.Dict{String, DataType}}, String}"
4298140	"Tuple{Type{TimeFrames.Hour}, Int64}"
8173994	"Tuple{typeof(Base.getproperty), TimeFrames.Hour, Symbol}"
7212273	"Tuple{typeof(Backtest.Misc.tfnum), Dates.Hour}"
34297478	"Tuple{Core.var"#Any##kw", NamedTuple{(:total, :desc, :unit, :leave), Tuple{Int64, String, String, Bool}}, PyCall.PyObject}"
5005649	"Tuple{Type{Pair{A, B} where B where A}, String, Int64}"
3417097	"Tuple{typeof(Base._array_for), Type{Pair{String, Int64}}, Base.HasLength, Int64}"
29114703	"Tuple{typeof(Base.collect_to_with_first!), Array{Pair{String, Int64}, 1}, Pair{String, Int64}, Base.Generator{Base.Pairs{Symbol, Any, Tuple{Symbol, Symbol, Symbol, Symbol}, NamedTuple{(:total, :desc, :unit, :leave), Tuple{Int64, String, String, Bool}}}, PyCall.var"#105#106"}, Int64}"
47580557	"Tuple{typeof(Base.setindex_widen_up_to), Array{Pair{String, Int64}, 1}, Pair{String, String}, Int64}"
15348548	"Tuple{typeof(Base.collect_to!), Array{Pair{String, B} where B, 1}, Base.Generator{Base.Pairs{Symbol, Any, Tuple{Symbol, Symbol, Symbol, Symbol}, NamedTuple{(:total, :desc, :unit, :leave), Tuple{Int64, String, String, Bool}}}, PyCall.var"#105#106"}, Int64, Int64}"
5000489	"Tuple{Type{Pair{A, B} where B where A}, String, Bool}"
58732512	"Tuple{Type{Base.Dict{AbstractString, Any}}, Array{Pair{String, B} where B, 1}}"
38069804	"Tuple{typeof(Base.setindex!), Base.Dict{AbstractString, Any}, Int64, String}"
15126285	"Tuple{typeof(Base.setindex!), Base.Dict{AbstractString, Any}, String, String}"
15304669	"Tuple{typeof(Base.setindex!), Base.Dict{AbstractString, Any}, Bool, String}"
2396898	"Tuple{Type{PyCall.PyObject}, String}"
17150893	"Tuple{typeof(Base.getindex), Base.Dict{AbstractString, Any}, String}"
2446777	"Tuple{Type{PyCall.PyObject}, Int64}"
1516594	"Tuple{typeof(Base.unsafe_convert), Type{Ptr{PyCall.PyObject_struct}}, PyCall.PyObject}"
2797726	"Tuple{Type{PyCall.PyObject}, Bool}"
2301711	"Tuple{typeof(Base.convert), Type{Float64}, PyCall.PyObject}"
3804955	"Tuple{typeof(Base.:(*)), Float64, Float64}"
6847204	"Tuple{Type{Dates.Millisecond}, Float64}"
4223313	"Tuple{typeof(Base.setindex!), Base.RefValue{Dates.Millisecond}, Dates.Millisecond}"
36768123	"Tuple{Backtest.Exchanges.var"#30#32"{Backtest.Data.ZarrInstance, String, String, String}, String}"
176297753	"Tuple{Backtest.Data.var"#_load_pair##kw", NamedTuple{(:as_z,), Tuple{Bool}}, typeof(Backtest.Data._load_pair), Backtest.Data.ZarrInstance, String, Float64}"
102385198	"Tuple{Backtest.Data.var"##_get_zarray#11", Type, Bool, Bool, typeof(Backtest.Data._get_zarray), Backtest.Data.ZarrInstance, String, Tuple{Int64, Int64}}"
26137423	"Tuple{typeof(Base.string), Base.SubString{String}, Char, Vararg{Union{Char, Base.SubString{String}, String}}}"
9529623	"Tuple{Zarr.var"#zopen_noerr##kw", NamedTuple{(:consolidated, :path, :lru), Tuple{Bool, String, Int64}}, typeof(Zarr.zopen_noerr), Zarr.DirectoryStore, String}"
153415752	"Tuple{Zarr.var"##zopen_noerr#87", Bool, String, Int64, typeof(Zarr.zopen_noerr), Zarr.DirectoryStore, String}"
41670875	"Tuple{JSON.Parser.var"##parse#1", Type, Type{Int64}, Bool, Nothing, typeof(JSON.Parser.parse), String}"
2906294297	"Tuple{typeof(JSON.Parser.parse_value), JSON.Parser.ParserContext{Base.Dict{String, Any}, Int64, true, nothing}, JSON.Parser.MemoryParserState}"
9724957	"Tuple{typeof(JSON.Parser.skip!), JSON.Parser.MemoryParserState, UInt8, UInt8, Vararg{UInt8}}"
40994896	"Tuple{Type{Zarr.Metadata{T, N, C, F} where F where C where N where T}, Base.Dict{String, Any}}"
39560869	"Tuple{typeof(Zarr.getCompressor), Base.Dict{String, Any}}"
19090066	"Tuple{typeof(Base.getindex), Base.Dict{Union{Nothing, String}, DataType}, String}"
59470820	"Tuple{typeof(Zarr.typestr), String, Nothing}"
17314409	"Tuple{typeof(Base.tuple_type_tail), Type}"
7668189	"Tuple{typeof(Base.isvatuple), Any}"
2262162	"Tuple{typeof(Base.argtail), Type, Type}"
1806256	"Tuple{typeof(Base.argtail), Type}"
8328269	"Tuple{Type{Tuple{Int64, Int64}}, Array{Any, 1}}"
4522544	"Tuple{typeof(Base.revargs), Int64, Int64}"
8915902	"Tuple{Type{Zarr.Metadata{Float64, 2, Zarr.BloscCompressor, Nothing}}, Int64, Tuple{Int64, Int64}, Tuple{Int64, Int64}, String, Zarr.BloscCompressor, Nothing, Char, Nothing}"
4532484	"Tuple{typeof(Base.getindex), Base.RefValue{Tuple{Int64, Int64}}}"
7736397	"Tuple{Type{Zarr.ZArray{Float64, 2, Zarr.BloscCompressor, Zarr.DirectoryStore}}, Zarr.Metadata{Float64, 2, Zarr.BloscCompressor, Nothing}, Zarr.DirectoryStore, String, Base.Dict{String, Any}, Bool}"
8283421	"Tuple{typeof(Base.size), Zarr.ZArray{Float64, 2, Zarr.BloscCompressor, Zarr.DirectoryStore}, Int64}"
14415216	"Tuple{typeof(Base.firstindex), Zarr.ZArray{Float64, 2, Zarr.BloscCompressor, Zarr.DirectoryStore}, Int64}"
5408788	"Tuple{typeof(Base.map), typeof(Base.oneto), Tuple{Int64, Int64}}"
2394698	"Tuple{typeof(Core.Compiler.convert), Type{DataType}, Type{Tuple{Type{SuiteSparse.CHOLMOD.Dense{T}} where T, Int64}}}"
7115896	"Tuple{typeof(Base.getindex), Zarr.ZArray{Float64, 2, Zarr.BloscCompressor, Zarr.DirectoryStore}, Int64, Int64}"
6140635	"Tuple{typeof(DiskArrays.getindex_disk), Zarr.ZArray{Float64, 2, Zarr.BloscCompressor, Zarr.DirectoryStore}, Int64, Vararg{Int64}}"
6516914	"Tuple{typeof(DiskArrays.interpret_indices_disk), Zarr.ZArray{Float64, 2, Zarr.BloscCompressor, Zarr.DirectoryStore}, Tuple{Int64, Int64}}"
6006609	"Tuple{typeof(Base.map), typeof(DiskArrays._convert_index), Tuple{Int64, Int64}, Tuple{Int64, Int64}}"
5791326	"Tuple{typeof(Base.map), typeof(Base.length), Tuple{Base.UnitRange{Int64}, Base.UnitRange{Int64}}}"
3935962	"Tuple{Type{Array{Float64, N} where N}, UndefInitializer, Int64, Int64}"
4359849	"Tuple{typeof(DiskArrays.readblock!), Zarr.ZArray{Float64, 2, Zarr.BloscCompressor, Zarr.DirectoryStore}, Array{Float64, 2}, Base.UnitRange{Int64}, Vararg{Base.UnitRange{Int64}}}"
5208024	"Tuple{Type{Base.IteratorsMD.CartesianIndices{N, R} where R<:Tuple{Vararg{Base.OrdinalRange{Int64, Int64}, N}} where N}, Tuple{Base.UnitRange{Int64}, Base.UnitRange{Int64}}}"
9175804	"Tuple{Base.var"##s859#519", Any, Any, Any, Any, Any, Any, Any, Any}"
4189264	"Tuple{Base.Cartesian.var"#@nloops", LineNumberNode, Module, Any, Any, Any, Vararg{Any}}"
13481154	"Tuple{Base.Cartesian.var"#@nref", LineNumberNode, Module, Int64, Symbol, Any}"
275883265	"Tuple{typeof(Zarr.readblock!), Array{Float64, 2}, Zarr.ZArray{Float64, 2, Zarr.BloscCompressor, Zarr.DirectoryStore}, Base.IteratorsMD.CartesianIndices{2, Tuple{Base.UnitRange{Int64}, Base.UnitRange{Int64}}}}"
9283950	"Tuple{Base.var"##sprint#426", Nothing, Int64, typeof(Base.sprint), Function, Tuple{Int64, Int64}, Vararg{Any}}"
6445396	"Tuple{typeof(Base.join), Base.GenericIOBuffer{Array{UInt8, 1}}, Tuple{Int64, Int64}, Char}"
5474155	"Tuple{DiskArrays.DimsDropper{Tuple{Int64, Int64}}, Array{Float64, 2}}"
4339900	"Tuple{typeof(Base.lastindex), Zarr.ZArray{Float64, 2, Zarr.BloscCompressor, Zarr.DirectoryStore}, Int64}"
6792926	"Tuple{typeof(Base.indexed_iterate), Tuple{Zarr.ZArray{Float64, 2, Zarr.BloscCompressor, Zarr.DirectoryStore}, Tuple{Int64, Int64}}, Int64}"
7032588	"Tuple{typeof(Base.indexed_iterate), Tuple{Zarr.ZArray{Float64, 2, Zarr.BloscCompressor, Zarr.DirectoryStore}, Tuple{Int64, Int64}}, Int64, Int64}"
6167155	"Tuple{typeof(Base.indexed_iterate), Tuple{Int64, Int64}, Int64}"
6322199	"Tuple{typeof(Base.indexed_iterate), Tuple{Int64, Int64}, Int64, Int64}"
5997499	"Tuple{typeof(Backtest.Data.is_last_complete_candle), Float64, String}"
7950841	"Tuple{typeof(Backtest.Data.is_incomplete_candle), Float64, Float64}"
5472266	"Tuple{Type{NamedTuple{(:from, :to), T} where T<:Tuple}, Tuple{Float64, String}}"
596654050	"Tuple{Backtest.Exchanges.var"#_fetch_one_pair##kw", NamedTuple{(:from, :to), Tuple{Float64, String}}, typeof(Backtest.Exchanges._fetch_one_pair), PyCall.PyObject, Backtest.Data.ZarrInstance, String, String}"
2482495	"Tuple{typeof(Base.convert), Type{Bool}, PyCall.PyObject}"
16048077	"Tuple{typeof(Base.setindex!), Base.Dict{Any, Any}, Bool, String}"
4919642	"Tuple{Type{Pair{A, B} where B where A}, String, Float64}"
18493314	"Tuple{typeof(Base.setindex!), Base.Dict{Any, Any}, Float64, String}"
29120304	"Tuple{typeof(Base.convert), Type{Integer}, PyCall.PyObject}"
17900812	"Tuple{typeof(Base.setindex!), Base.Dict{Any, Any}, Int64, String}"
5016279	"Tuple{Type{Pair{A, B} where B where A}, String, Base.Dict{Any, Any}}"
15515723	"Tuple{typeof(Base.setindex!), Base.Dict{Any, Any}, Base.Dict{Any, Any}, String}"
5498785	"Tuple{typeof(Base.:(∉)), String, Base.KeySet{Any, Base.Dict{Any, Any}}}"
5028049	"Tuple{typeof(Base.vect), Array{Dates.DateTime, 1}, Vararg{Any}}"
2401868	"Tuple{typeof(Base.promote_typeof), Array{Dates.DateTime, 1}, Array{Float64, 1}, Vararg{Array{Float64, 1}}}"
2289861	"Tuple{typeof(Base.promote_typeof), Array{Float64, 1}, Array{Float64, 1}, Vararg{Array{Float64, 1}}}"
3366869	"Tuple{Type{Array{Array{T, 1} where T, 1}}, UndefInitializer, Int64}"
22733146	"Tuple{typeof(Base.copyto!), Array{Array{T, 1} where T, 1}, Tuple{Array{Dates.DateTime, 1}, Array{Float64, 1}, Array{Float64, 1}, Array{Float64, 1}, Array{Float64, 1}, Array{Float64, 1}}}"
56432491	"Tuple{Core.var"#Type##kw", NamedTuple{(:copycols,), Tuple{Bool}}, Type{DataFrames.DataFrame}, Array{Array{T, 1} where T, 1}, Array{Symbol, 1}}"
38011596	"Tuple{DataFrames.var"##make_unique!#1", Bool, typeof(DataFrames.make_unique!), Array{Symbol, 1}, Array{Symbol, 1}}"
20653218	"Tuple{Type{Base.Dict{Symbol, Int64}}, Base.Iterators.Zip{Tuple{Array{Symbol, 1}, Base.UnitRange{Int64}}}}"
77782899	"Tuple{DataFrames.var"#DataFrame#154#156", Bool, Type{DataFrames.DataFrame}, Array{AbstractArray{T, 1} where T, 1}, DataFrames.Index}"
3324840	"Tuple{typeof(Base.length), Array{Dates.DateTime, 1}}"
3070937	"Tuple{typeof(Base.length), Array{Float64, 1}}"
4290911	"Tuple{typeof(DataFrames._preprocess_column), Array{Dates.DateTime, 1}, Int64, Bool}"
6531913	"Tuple{typeof(Base.setindex!), Array{AbstractArray{T, 1} where T, 1}, Array{Dates.DateTime, 1}, Int64}"
4414468	"Tuple{typeof(DataFrames._preprocess_column), Array{Float64, 1}, Int64, Bool}"
6640521	"Tuple{typeof(Base.setindex!), Array{AbstractArray{T, 1} where T, 1}, Array{Float64, 1}, Int64}"
3085157	"Tuple{typeof(Base.firstindex), Array{Dates.DateTime, 1}}"
2885103	"Tuple{typeof(Base.firstindex), Array{Float64, 1}}"
26762675	"Tuple{Core.var"#Any##kw", NamedTuple{(:since, :params), Tuple{Int64, Base.Dict{Any, Any}}}, PyCall.PyObject, String, String}"
29964738	"Tuple{typeof(Base.collect_to_with_first!), Array{Pair{String, Int64}, 1}, Pair{String, Int64}, Base.Generator{Base.Pairs{Symbol, Any, Tuple{Symbol, Symbol}, NamedTuple{(:since, :params), Tuple{Int64, Base.Dict{Any, Any}}}}, PyCall.var"#105#106"}, Int64}"
11402597	"Tuple{typeof(Base.setindex_widen_up_to), Array{Pair{String, Int64}, 1}, Pair{String, Base.Dict{Any, Any}}, Int64}"
15325249	"Tuple{typeof(Base.collect_to!), Array{Pair{String, B} where B, 1}, Base.Generator{Base.Pairs{Symbol, Any, Tuple{Symbol, Symbol}, NamedTuple{(:since, :params), Tuple{Int64, Base.Dict{Any, Any}}}}, PyCall.var"#105#106"}, Int64, Int64}"
15494903	"Tuple{typeof(Base.setindex!), Base.Dict{AbstractString, Any}, Base.Dict{Any, Any}, String}"
8701028	"Tuple{Type{PyCall.PyObject}, Base.Dict{Any, Any}}"
2176004	"Tuple{typeof(Base.convert), Type{Array{T, N} where N where T}, PyCall.PyObject}"
14737336	"Tuple{typeof(PyCall.py2array), Type, PyCall.PyObject}"
4942081	"Tuple{typeof(Base.:(!=)), Tuple{Int64}, Tuple{Int64}}"
4291140	"Tuple{Type{Array{Any, N} where N}, UndefInitializer, Tuple{Int64, Int64}}"
11380117	"Tuple{typeof(PyCall.py2array), Type, Array{Any, 2}, PyCall.PyObject, Int64, Int64}"
3847615	"Tuple{typeof(Base.map), Function, Array{Any, 2}}"
4287861	"Tuple{Type{Base.Generator{I, F} where F where I}, typeof(Base.identity), Array{Any, 2}}"
15145754	"Tuple{typeof(Base.collect_similar), Array{Any, 2}, Base.Generator{Array{Any, 2}, typeof(Base.identity)}}"
4527703	"Tuple{typeof(Base._similar_for), Array{Any, 2}, Type{Int64}, Base.Generator{Array{Any, 2}, typeof(Base.identity)}, Base.HasShape{2}, Tuple{Base.OneTo{Int64}, Base.OneTo{Int64}}}"
20268250	"Tuple{typeof(Base.collect_to_with_first!), Array{Int64, 2}, Int64, Base.Generator{Array{Any, 2}, typeof(Base.identity)}, Int64}"
33613668	"Tuple{typeof(Base.setindex_widen_up_to), Array{Int64, 2}, Float64, Int64}"
17016608	"Tuple{typeof(Base.collect_to!), Array{Real, 2}, Base.Generator{Array{Any, 2}, typeof(Base.identity)}, Int64, Int64}"
47165984	"Tuple{typeof(Base.convert), Type{Array{Float64, 2}}, Array{Real, 2}}"
4900832	"Tuple{typeof(Base.setindex!), Array{Float64, 2}, Int64, Int64}"
4615271	"Tuple{typeof(Base.setindex!), Array{Float64, 2}, Float64, Int64}"
4317970	"Tuple{typeof(Base.size), Array{Float64, 2}, Int64}"
163718632	"Tuple{typeof(Backtest.Exchanges.to_df), Array{Float64, 2}}"
20315498	"Tuple{Core.var"#Type##kw", NamedTuple{(:copycols,), Tuple{Bool}}, Type{DataFrames.DataFrame}, Pair{Symbol, Array{Dates.DateTime, 1}}, Pair{Symbol, Base.SubArray{Float64, 1, Array{Float64, 2}, Tuple{Base.Slice{Base.OneTo{Int64}}, Int64}, true}}, Pair{Symbol, Base.SubArray{Float64, 1, Array{Float64, 2}, Tuple{Base.Slice{Base.OneTo{Int64}}, Int64}, true}}, Pair{Symbol, Base.SubArray{Float64, 1, Array{Float64, 2}, Tuple{Base.Slice{Base.OneTo{Int64}}, Int64}, true}}, Pair{Symbol, Base.SubArray{Float64, 1, Array{Float64, 2}, Tuple{Base.Slice{Base.OneTo{Int64}}, Int64}, true}}, Pair{Symbol, Base.SubArray{Float64, 1, Array{Float64, 2}, Tuple{Base.Slice{Base.OneTo{Int64}}, Int64}, true}}}"
18411396	"Tuple{DataFrames.var"##DataFrame#159", Bool, Bool, Type{DataFrames.DataFrame}, Pair{Symbol, Array{Dates.DateTime, 1}}, Vararg{Pair{Symbol, var"#s57"} where var"#s57"}}"
15154864	"Tuple{Type{Base.Generator{I, F} where F where I}, DataFrames.var"#160#161", Tuple{Pair{Symbol, Array{Dates.DateTime, 1}}, Pair{Symbol, Base.SubArray{Float64, 1, Array{Float64, 2}, Tuple{Base.Slice{Base.OneTo{Int64}}, Int64}, true}}, Pair{Symbol, Base.SubArray{Float64, 1, Array{Float64, 2}, Tuple{Base.Slice{Base.OneTo{Int64}}, Int64}, true}}, Pair{Symbol, Base.SubArray{Float64, 1, Array{Float64, 2}, Tuple{Base.Slice{Base.OneTo{Int64}}, Int64}, true}}, Pair{Symbol, Base.SubArray{Float64, 1, Array{Float64, 2}, Tuple{Base.Slice{Base.OneTo{Int64}}, Int64}, true}}, Pair{Symbol, Base.SubArray{Float64, 1, Array{Float64, 2}, Tuple{Base.Slice{Base.OneTo{Int64}}, Int64}, true}}}}"
12632140	"Tuple{typeof(Base.collect), Base.Generator{Tuple{Pair{Symbol, Array{Dates.DateTime, 1}}, Pair{Symbol, Base.SubArray{Float64, 1, Array{Float64, 2}, Tuple{Base.Slice{Base.OneTo{Int64}}, Int64}, true}}, Pair{Symbol, Base.SubArray{Float64, 1, Array{Float64, 2}, Tuple{Base.Slice{Base.OneTo{Int64}}, Int64}, true}}, Pair{Symbol, Base.SubArray{Float64, 1, Array{Float64, 2}, Tuple{Base.Slice{Base.OneTo{Int64}}, Int64}, true}}, Pair{Symbol, Base.SubArray{Float64, 1, Array{Float64, 2}, Tuple{Base.Slice{Base.OneTo{Int64}}, Int64}, true}}, Pair{Symbol, Base.SubArray{Float64, 1, Array{Float64, 2}, Tuple{Base.Slice{Base.OneTo{Int64}}, Int64}, true}}}, DataFrames.var"#160#161"}}"
43700084	"Tuple{Core.var"#Type##kw", NamedTuple{(:makeunique,), Tuple{Bool}}, Type{DataFrames.Index}, Array{Symbol, 1}}"
99324631	"Tuple{DataFrames.var"#DataFrame#154#156", Bool, Type{DataFrames.DataFrame}, Array{Any, 1}, DataFrames.Index}"
4248012	"Tuple{typeof(Base.length), Base.SubArray{Float64, 1, Array{Float64, 2}, Tuple{Base.Slice{Base.OneTo{Int64}}, Int64}, true}}"
25548541	"Tuple{typeof(DataFrames._preprocess_column), Base.SubArray{Float64, 1, Array{Float64, 2}, Tuple{Base.Slice{Base.OneTo{Int64}}, Int64}, true}, Int64, Bool}"
8283441	"Tuple{typeof(Base.setindex!), Array{AbstractArray{T, 1} where T, 1}, Base.SubArray{Float64, 1, Array{Float64, 2}, Tuple{Base.Slice{Base.OneTo{Int64}}, Int64}, true}, Int64}"
377774670	"Tuple{typeof(Base.append!), DataFrames.DataFrame, DataFrames.DataFrame}"
8801785	"Tuple{typeof(DataAPI.nrow), DataFrames.DataFrame}"
20090125	"Tuple{typeof(Base.getindex), DataFrames.DataFrame, typeof(Base.:(!)), Symbol}"
12244212	"Tuple{typeof(Base.append!), Array{Dates.DateTime, 1}, Array{Dates.DateTime, 1}}"
32263629	"Tuple{typeof(Base.append!), Array{Float64, 1}, Base.SubArray{Float64, 1, Array{Float64, 2}, Tuple{Base.Slice{Base.OneTo{Int64}}, Int64}, true}}"
5628891	"Tuple{typeof(Base.getindex), Array{Dates.DateTime, 1}, Int64}"
4901722	"Tuple{typeof(Base.:(|>)), Dates.DateTime, typeof(Backtest.Misc.timefloat)}"
6316790	"Tuple{typeof(Base.:(|>)), Float64, Type{Int64}}"
4367438	"Tuple{typeof(Base.:(<)), Int64, Float64}"
10218213	"Tuple{Type{NamedTuple{(:since, :params, :df), T} where T<:Tuple}, Tuple{Int64, Base.Dict{Any, Any}, Bool}}"
4893343	"Tuple{Backtest.Exchanges.var"#_fetch_with_delay##kw", NamedTuple{(:since, :params, :df), Tuple{Int64, Base.Dict{Any, Any}, Bool}}, typeof(Backtest.Exchanges._fetch_with_delay), PyCall.PyObject, String, String}"
5258712	"Tuple{typeof(Backtest.Misc.timefloat), Dates.DateTime}"
4008899	"Tuple{typeof(Base.Broadcast.broadcasted), Function, Array{Dates.DateTime, 1}}"
4532594	"Tuple{Type{Base.Broadcast.Broadcasted{Base.Broadcast.DefaultArrayStyle{1}, Axes, F, Args} where Args<:Tuple where F where Axes}, typeof(Backtest.Misc.timefloat), Tuple{Array{Dates.DateTime, 1}}}"
6215532	"Tuple{typeof(Base.Broadcast.broadcasted), Function, Base.Broadcast.Broadcasted{Base.Broadcast.DefaultArrayStyle{1}, Nothing, typeof(Backtest.Misc.timefloat), Tuple{Array{Dates.DateTime, 1}}}, Float64}"
5318630	"Tuple{Type{Base.Broadcast.Broadcasted{Base.Broadcast.DefaultArrayStyle{1}, Axes, F, Args} where Args<:Tuple where F where Axes}, typeof(Base.rem), Tuple{Base.Broadcast.Broadcasted{Base.Broadcast.DefaultArrayStyle{1}, Nothing, typeof(Backtest.Misc.timefloat), Tuple{Array{Dates.DateTime, 1}}}, Float64}}"
6955701	"Tuple{typeof(Base.Broadcast.broadcasted), Function, Base.Broadcast.Broadcasted{Base.Broadcast.DefaultArrayStyle{1}, Nothing, typeof(Base.rem), Tuple{Base.Broadcast.Broadcasted{Base.Broadcast.DefaultArrayStyle{1}, Nothing, typeof(Backtest.Misc.timefloat), Tuple{Array{Dates.DateTime, 1}}}, Float64}}, Float64}"
5645190	"Tuple{Type{Base.Broadcast.Broadcasted{Base.Broadcast.DefaultArrayStyle{1}, Axes, F, Args} where Args<:Tuple where F where Axes}, typeof(Base.:(!==)), Tuple{Base.Broadcast.Broadcasted{Base.Broadcast.DefaultArrayStyle{1}, Nothing, typeof(Base.rem), Tuple{Base.Broadcast.Broadcasted{Base.Broadcast.DefaultArrayStyle{1}, Nothing, typeof(Backtest.Misc.timefloat), Tuple{Array{Dates.DateTime, 1}}}, Float64}}, Float64}}"
72797908	"Tuple{typeof(Base.Broadcast.materialize), Base.Broadcast.Broadcasted{Base.Broadcast.DefaultArrayStyle{1}, Nothing, typeof(Base.:(!==)), Tuple{Base.Broadcast.Broadcasted{Base.Broadcast.DefaultArrayStyle{1}, Nothing, typeof(Base.rem), Tuple{Base.Broadcast.Broadcasted{Base.Broadcast.DefaultArrayStyle{1}, Nothing, typeof(Backtest.Misc.timefloat), Tuple{Array{Dates.DateTime, 1}}}, Float64}}, Float64}}}"
168332663	"Tuple{typeof(Base.delete!), DataFrames.DataFrame, Base.BitArray{1}}"
2327480	"Tuple{typeof(Base.depwarn), String, Symbol}"
6271651	"Tuple{typeof(Base.deleteat!), Array{Dates.DateTime, 1}, Base.UnitRange{Int64}}"
6424937	"Tuple{typeof(Base.deleteat!), Array{Float64, 1}, Base.UnitRange{Int64}}"
28435844	"Tuple{typeof(DataFrames._check_consistency), DataFrames.DataFrame}"
73518957	"Tuple{DataFrames.var"##manipulate#503", Bool, Bool, Bool, typeof(DataFrames.manipulate), DataFrames.DataFrame, Array{Int64, 1}}"
259050962	"Tuple{typeof(DataFrames.row_group_slots), Tuple{Array{Dates.DateTime, 1}}, Base.Val{false}, Array{Int64, 1}, Bool, Bool}"
212244901	"Tuple{typeof(Base.getproperty), DataFrames.GroupedDataFrame{DataFrames.DataFrame}, Symbol}"
31809042	"Tuple{DataFrames.var"##fillfirst!#620", Bool, typeof(DataFrames.fillfirst!), Nothing, Array{Int64, 1}, Base.UnitRange{Int64}, DataFrames.GroupedDataFrame{DataFrames.DataFrame}}"
44660415	"Tuple{typeof(Base.allunique), Array{Symbol, 1}}"
30059465	"Tuple{typeof(Base.collect), Base.Generator{Array{Symbol, 1}, DataFrames.var"#35#36"{DataFrames.Index}}}"
487515425	"Tuple{typeof(DataFrames.ordering), DataFrames.SubDataFrame{DataFrames.DataFrame, DataFrames.Index, Array{Int64, 1}}, Base.UnitRange{Int64}, Function, Function, Bool, Base.Order.ForwardOrdering}"
25253240	"Tuple{typeof(Base.view), Array{Dates.DateTime, 1}, Array{Int64, 1}}"
5775086	"Tuple{Type{Base.Order.Perm{O, V} where V<:(AbstractArray{T, 1} where T) where O<:Base.Order.Ordering}, Base.Order.ForwardOrdering, Base.SubArray{Dates.DateTime, 1, Array{Dates.DateTime, 1}, Tuple{Array{Int64, 1}}, false}}"
6611641	"Tuple{Base.Sort.var"#defalg##kw", NamedTuple{(:alg, :cols), Tuple{Nothing, Base.UnitRange{Int64}}}, typeof(Base.Sort.defalg), DataFrames.SubDataFrame{DataFrames.DataFrame, DataFrames.Index, Array{Int64, 1}}, Base.Order.Perm{Base.Order.ForwardOrdering, Base.SubArray{Dates.DateTime, 1, Array{Dates.DateTime, 1}, Tuple{Array{Int64, 1}}, false}}}"
63279285	"Tuple{typeof(DataFrames._sortperm), DataFrames.SubDataFrame{DataFrames.DataFrame, DataFrames.Index, Array{Int64, 1}}, Base.Sort.MergeSortAlg, Base.Order.Perm{Base.Order.ForwardOrdering, Base.SubArray{Dates.DateTime, 1, Array{Dates.DateTime, 1}, Tuple{Array{Int64, 1}}, false}}}"
35230219	"Tuple{DataFrames.var"##_combine_prepare#613", Bool, Bool, Bool, Bool, Bool, typeof(DataFrames._combine_prepare), DataFrames.GroupedDataFrame{DataFrames.DataFrame}, Base.RefValue{Any}}"
163145970	"Tuple{typeof(DataFrames._combine_prepare_norm), DataFrames.GroupedDataFrame{DataFrames.DataFrame}, Array{Any, 1}, Bool, Bool, Bool, Bool, Bool}"
4316850	"Tuple{typeof(DataFrames.make_pair_concrete), Pair{A, B} where B where A}"
1726438	"Tuple{typeof(DataFrames.make_pair_concrete), Any}"
28053296	"Tuple{typeof(DataFrames.normalize_selection), DataFrames.Index, Pair{var"#s285", var"#s58"} where var"#s58"<:Union{Function, Type} where var"#s285"<:Union{AbstractString, Signed, Symbol, Unsigned}, Bool}"
4630211	"Tuple{Type{Pair{A, B} where B where A}, Function, Symbol}"
5289281	"Tuple{Type{Pair{A, B} where B where A}, Int64, Pair{typeof(Base.first), Symbol}}"
5304790	"Tuple{Type{Pair{A, B} where B where A}, Int64, Pair{typeof(Base.maximum), Symbol}}"
5292120	"Tuple{Type{Pair{A, B} where B where A}, Int64, Pair{typeof(Base.minimum), Symbol}}"
5241573	"Tuple{Type{Pair{A, B} where B where A}, Int64, Pair{typeof(Base.last), Symbol}}"
23175313	"Tuple{typeof(PyCall.weakref_callback), Ptr{PyCall.PyObject_struct}, Ptr{PyCall.PyObject_struct}}"
435542099	"Tuple{typeof(DataFrames._combine), DataFrames.GroupedDataFrame{DataFrames.DataFrame}, Array{Any, 1}, Array{Bool, 1}, Bool, Bool, Bool}"
15931921	"Tuple{DataFrames.var"#655#661"{DataFrames.GroupedDataFrame{DataFrames.DataFrame}}, Pair{Int64, Pair{typeof(Base.first), Symbol}}}"
264888246	"Tuple{DataFrames.var"#657#663"{DataFrames.GroupedDataFrame{DataFrames.DataFrame}, Bool, Bool, DataFrames.DataFrame, Base.Dict{Symbol, Tuple{Bool, Int64}}, Array{DataFrames.TransformationResult, 1}, Base.RefValue{Array{Int64, 1}}, Bool, Pair{Int64, Pair{typeof(Base.first), Symbol}}}}"
21820073	"Tuple{DataFrames.var"#657#663"{DataFrames.GroupedDataFrame{DataFrames.DataFrame}, Bool, Bool, DataFrames.DataFrame, Base.Dict{Symbol, Tuple{Bool, Int64}}, Array{DataFrames.TransformationResult, 1}, Base.RefValue{Array{Int64, 1}}, Bool, Pair{Int64, Pair{typeof(Base.minimum), Symbol}}}}"
22037237	"Tuple{DataFrames.var"#657#663"{DataFrames.GroupedDataFrame{DataFrames.DataFrame}, Bool, Bool, DataFrames.DataFrame, Base.Dict{Symbol, Tuple{Bool, Int64}}, Array{DataFrames.TransformationResult, 1}, Base.RefValue{Array{Int64, 1}}, Bool, Pair{Int64, Pair{typeof(Base.maximum), Symbol}}}}"
35012196	"Tuple{DataFrames.Aggregate{typeof(Base.first), Nothing}, Array{Float64, 1}, DataFrames.GroupedDataFrame{DataFrames.DataFrame}}"
21811913	"Tuple{DataFrames.var"#657#663"{DataFrames.GroupedDataFrame{DataFrames.DataFrame}, Bool, Bool, DataFrames.DataFrame, Base.Dict{Symbol, Tuple{Bool, Int64}}, Array{DataFrames.TransformationResult, 1}, Base.RefValue{Array{Int64, 1}}, Bool, Pair{Int64, Pair{typeof(Base.last), Symbol}}}}"
17124954	"Tuple{DataFrames.Reduce{typeof(Base.max), Nothing, Nothing}, Array{Float64, 1}, DataFrames.GroupedDataFrame{DataFrames.DataFrame}}"
23452274	"Tuple{typeof(DataFrames.groupreduce!), Array{Float64, 1}, Function, Function, Nothing, Nothing, Bool, Array{Float64, 1}, DataFrames.GroupedDataFrame{DataFrames.DataFrame}}"
4263101	"Tuple{DataFrames.Aggregate{typeof(Base.last), Nothing}, Array{Float64, 1}, DataFrames.GroupedDataFrame{DataFrames.DataFrame}}"
16069736	"Tuple{DataFrames.Reduce{typeof(Base.min), Nothing, Nothing}, Array{Float64, 1}, DataFrames.GroupedDataFrame{DataFrames.DataFrame}}"
24086655	"Tuple{typeof(DataFrames.groupreduce!_helper), Array{Float64, 1}, DataFrames.var"#696#697", typeof(Base.max), Nothing, Nothing, Bool, Array{Float64, 1}, Array{Int64, 1}, Array{Int64, 1}, Base.Iterators.PartitionIterator{Base.OneTo{Int64}}}"
23697296	"Tuple{typeof(DataFrames.groupreduce!_helper), Array{Float64, 1}, DataFrames.var"#696#697", typeof(Base.min), Nothing, Nothing, Bool, Array{Float64, 1}, Array{Int64, 1}, Array{Int64, 1}, Base.Iterators.PartitionIterator{Base.OneTo{Int64}}}"
100110776	"Tuple{DataFrames.var"#621#622"{Bool, Base.Dict{Symbol, Tuple{Bool, Int64}}, Array{DataFrames.TransformationResult, 1}, Array{Int64, 1}, Array{Float64, 1}, Symbol}}"
9337259	"Tuple{DataFrames.var"#659#665"{DataFrames.GroupedDataFrame{DataFrames.DataFrame}, Bool, Array{DataFrames.TransformationResult, 1}, Int64}}"
28619459	"Tuple{typeof(DataFrames.reorder_cols!), Array{DataFrames.TransformationResult, 1}, Int64, Array{Float64, 1}, Array{Int64, 1}, Bool, Array{Int64, 1}, DataFrames.GroupedDataFrame{DataFrames.DataFrame}}"
7537183	"Tuple{DataFrames.var"#660#666"{Array{AbstractArray{T, 1} where T, 1}}, Array{Float64, 1}}"
17961989	"Tuple{DataFrames.var"##DataFrame#188", Bool, Bool, Type{DataFrames.DataFrame}, Array{AbstractArray{T, 1} where T, 1}, Array{Symbol, 1}}"
32157062	"Tuple{typeof(Base.issubset), Array{Symbol, 1}, Array{Symbol, 1}}"
38074844	"Tuple{typeof(Base.getindex), DataFrames.DataFrame, Array{Int64, 1}, Array{Symbol, 1}}"
33292968	"Tuple{typeof(Base.getindex), Array{Dates.DateTime, 1}, Array{Int64, 1}}"
8001019	"Tuple{typeof(Base._shrink), Function, Array{Symbol, 1}, Tuple{Array{Symbol, 1}}}"
33662576	"Tuple{typeof(Base.intersect!), Base.Set{Symbol}, Array{Symbol, 1}}"
2551603	"Tuple{typeof(Base.vectorfilter), Function, Array{Symbol, 1}}"
15699377	"Tuple{typeof(Base.filter), Base.var"#115#116"{typeof(Base.in), typeof(Base.pop!), Base.Set{Symbol}}, Array{Symbol, 1}}"
11836743	"Tuple{DataFrames.var"##manipulate#504", Bool, Bool, Bool, typeof(DataFrames.manipulate), DataFrames.DataFrame, InvertedIndices.InvertedIndex{Array{Symbol, 1}}}"
18776085	"Tuple{typeof(Base._shrink), Function, Base.UnitRange{Int64}, Tuple{Array{Int64, 1}}}"
14733706	"Tuple{typeof(Base.setdiff!), Base.Set{Int64}, Array{Int64, 1}}"
5943831	"Tuple{typeof(Base.vectorfilter), Function, Base.UnitRange{Int64}}"
60784081	"Tuple{typeof(Base.filter), Base.var"#115#116"{typeof(Base.in), typeof(Base.pop!), Base.Set{Int64}}, Base.UnitRange{Int64}}"
30041896	"Tuple{DataFrames.var"##hcat!#208", Bool, Bool, typeof(DataFrames.hcat!), DataFrames.DataFrame, DataFrames.DataFrame}"
35158002	"Tuple{DataFrames.var"##add_names#37", Bool, typeof(DataFrames.add_names), DataFrames.Index, DataFrames.Index}"
48249358	"Tuple{typeof(Base.setindex!), DataFrames.DataFrame, Array{Float64, 1}, typeof(Base.:(!)), Symbol}"
6368998	"Tuple{typeof(Base.lastindex), DataFrames.DataFrame, Int64}"
10596931	"Tuple{typeof(Base.getindex), DataFrames.DataFrame, Int64, Base.Colon}"
37328417	"Tuple{typeof(Backtest.Data.is_incomplete_candle), DataFrames.DataFrameRow{DataFrames.DataFrame, DataFrames.Index}, Float64}"
3592861	"Tuple{typeof(Base.:(>)), Float64, Float64}"
207224642	"Tuple{typeof(Base.copy), DataFrames.DataFrameRow{DataFrames.DataFrame, DataFrames.Index}}"
5469305	"Tuple{typeof(Base.getindex), Array{Float64, 1}, Int64}"
5606001	"Tuple{Type{NamedTuple{(:timestamp, :open, :high, :low, :close, :volume), Tuple{Dates.DateTime, Float64, Float64, Float64, Float64, Float64}}}, Tuple{Dates.DateTime, Float64, Float64, Float64, Float64, Float64}}"
37910449	"Tuple{typeof(Base.delete!), DataFrames.DataFrame, Int64}"
4167934	"Tuple{typeof(Base.deleteat!), Array{Dates.DateTime, 1}, Int64}"
3798086	"Tuple{typeof(Base.deleteat!), Array{Float64, 1}, Int64}"
8510334	"Tuple{typeof(Base.getindex), NamedTuple{(:timestamp, :open, :high, :low, :close, :volume), Tuple{Dates.DateTime, Float64, Float64, Float64, Float64, Float64}}, Symbol}"
62318364	"Tuple{typeof(Base.:(|>)), Dates.DateTime, typeof(Base.string)}"
144707094	"Tuple{Backtest.Data.var"#fill_missing_rows!##kw", NamedTuple{(:strategy,), Tuple{Symbol}}, typeof(Backtest.Data.fill_missing_rows!), DataFrames.DataFrame, Dates.Hour}"
4395107	"Tuple{Type{Pair{A, B} where B where A}, Array{Symbol, 1}, Function}"
4394277	"Tuple{typeof(Core.convert), Type{Backtest.Data.var"#26#29"{Dates.Hour, Backtest.Data.var"#24#27", Array{Any, 1}}}, Backtest.Data.var"#26#29"{Dates.Hour, Backtest.Data.var"#24#27", Array{Any, 1}}}"
4551363	"Tuple{typeof(Base._similar_for), Array{Symbol, 1}, Type{Array{Float64, 1}}, Base.Generator{Array{Symbol, 1}, DataFramesMeta.var"#23#24"{DataFrames.DataFrame}}, Base.HasShape{1}, Tuple{Base.OneTo{Int64}}}"
24384986	"Tuple{typeof(Base.collect_to_with_first!), Array{Array{Float64, 1}, 1}, Array{Float64, 1}, Base.Generator{Array{Symbol, 1}, DataFramesMeta.var"#23#24"{DataFrames.DataFrame}}, Int64}"
37734474	"Tuple{typeof(Base.setindex_widen_up_to), Array{Array{Float64, 1}, 1}, Array{Dates.DateTime, 1}, Int64}"
16074537	"Tuple{typeof(Base.collect_to!), Array{Array{T, 1} where T, 1}, Base.Generator{Array{Symbol, 1}, DataFramesMeta.var"#23#24"{DataFrames.DataFrame}}, Int64, Int64}"
24944379	"Tuple{Backtest.Data.var"#26#29"{Dates.Hour, Backtest.Data.var"#24#27", Array{Any, 1}}, Array{Float64, 1}, Array{Dates.DateTime, 1}}"
2569243	"Tuple{typeof(Base.collect), Type{Symbol}, Tuple{}}"
19399916	"Tuple{DataFrames.var"#fromcolumns##kw", NamedTuple{(:copycols,), Tuple{Bool}}, typeof(DataFrames.fromcolumns), Tables.CopiedColumns{NamedTuple{(), Tuple{}}}, Array{Symbol, 1}}"
5886663	"Tuple{typeof(DataFrames.ordering), DataFrames.DataFrame, Symbol, Function, Function, Bool, Base.Order.ForwardOrdering}"
4374239	"Tuple{Type{Base.Order.Perm{O, V} where V<:(AbstractArray{T, 1} where T) where O<:Base.Order.Ordering}, Base.Order.ForwardOrdering, Array{Dates.DateTime, 1}}"
11806964	"Tuple{Base.Sort.var"#defalg##kw", NamedTuple{(:alg, :cols), Tuple{Nothing, Symbol}}, typeof(Base.Sort.defalg), DataFrames.DataFrame, Base.Order.Perm{Base.Order.ForwardOrdering, Array{Dates.DateTime, 1}}}"
5475705	"Tuple{typeof(Base.Sort.defalg), DataFrames.DataFrame, Type, Base.Order.Perm{Base.Order.ForwardOrdering, Array{Dates.DateTime, 1}}}"
109361748	"Tuple{typeof(Base.sort!), DataFrames.DataFrame, Base.Sort.MergeSortAlg, Base.Order.Perm{Base.Order.ForwardOrdering, Array{Dates.DateTime, 1}}}"
6451455	"Tuple{Base.var"##any#749", Function, typeof(Base.any), Function, Base.UnitRange{Int64}}"
19500053	"Tuple{typeof(Base._any), DataFrames.var"#789#791"{Array{AbstractArray{T, 1} where T, 1}, Array{Dates.DateTime, 1}}, Base.UnitRange{Int64}, Base.Colon}"
19375357	"Tuple{typeof(Base._any), DataFrames.var"#789#791"{Array{AbstractArray{T, 1} where T, 1}, Array{Float64, 1}}, Base.UnitRange{Int64}, Base.Colon}"
5004609	"Tuple{typeof(Base.mightalias), Array{Dates.DateTime, 1}, Array{Float64, 1}}"
4932911	"Tuple{typeof(Base.mightalias), Array{Float64, 1}, Array{Float64, 1}}"
22539062	"Tuple{typeof(Base.permute!!), Array{Dates.DateTime, 1}, Array{Int64, 1}}"
22291209	"Tuple{typeof(Base.permute!!), Array{Float64, 1}, Array{Int64, 1}}"
5673779	"Tuple{typeof(Base.size), DataFrames.DataFrame, Int64}"
39909339	"Tuple{Backtest.Data.var"#save_pair##kw", NamedTuple{(:reset,), Tuple{Bool}}, typeof(Backtest.Data.save_pair), Backtest.Data.ZarrInstance, String, String, String, DataFrames.DataFrame}"
8666830	"Tuple{Backtest.Data.var"#_save_pair##kw", NamedTuple{(:reset,), Tuple{Bool}}, typeof(Backtest.Data._save_pair), Backtest.Data.ZarrInstance, String, Float64, DataFrames.DataFrame}"
302065597	"Tuple{Backtest.Data.var"##_save_pair#12", String, Type, Int64, Int64, Bool, Bool, typeof(Backtest.Data._save_pair), Backtest.Data.ZarrInstance, String, Float64, DataFrames.DataFrame}"
5017779	"Tuple{typeof(Base.:(-)), Dates.DateTime, Dates.DateTime}"
4696808	"Tuple{typeof(Backtest.Misc.timefloat), Dates.Millisecond}"
4890783	"Tuple{Type{NamedTuple{(:type, :overwrite, :reset), T} where T<:Tuple}, Tuple{DataType, Bool, Bool}}"
12374528	"Tuple{typeof(Backtest.Data._check_contiguity), Float64, Float64, Float64, Float64, Float64}"
3469536	"Tuple{typeof(Base.:(>=)), Float64, Float64}"
4046069	"Tuple{typeof(Base.div), Float64, Float64}"
6147225	"Tuple{typeof(Base.convert), Type{Int64}, Float64}"
6246522	"Tuple{typeof(Base.size), DataFrames.SubDataFrame{DataFrames.DataFrame, DataFrames.Index, Base.OneTo{Int64}}, Int64}"
16002989	"Tuple{typeof(Base.resize!), Zarr.ZArray{Float64, 2, Zarr.BloscCompressor, Zarr.DirectoryStore}, Tuple{Int64, Int64}}"
5943961	"Tuple{typeof(Base.map), typeof(Base.:(<)), Tuple{Int64, Int64}, Tuple{Int64, Int64}}"
4756957	"Tuple{typeof(Base.any), Tuple{Bool, Bool}}"
80153507	"Tuple{typeof(Zarr.writemetadata), Zarr.DirectoryStore, String, Zarr.Metadata{Float64, 2, Zarr.BloscCompressor, Nothing}}"
4981710	"Tuple{typeof(Base.:(|>)), Tuple{Int64, Int64}, typeof(Base.reverse)}"
5254242	"Tuple{Type{Pair{A, B} where B where A}, String, Tuple{Int64, Int64}}"
9923591	"Tuple{Type{Base.Dict{String, Any}}, Pair{String, Int64}, Vararg{Pair{A, B} where B where A}}"
19123374	"Tuple{typeof(Base.setindex!), Base.Dict{String, Any}, Tuple{Int64, Int64}, String}"
19107895	"Tuple{typeof(Base.setindex!), Base.Dict{String, Any}, Zarr.BloscCompressor, String}"
17276480	"Tuple{typeof(Base.setindex!), Base.Dict{String, Any}, Char, String}"
79100088	"Tuple{typeof(JSON.Writer.show_pair), JSON.Writer.CompactContext{Base.GenericIOBuffer{Array{UInt8, 1}}}, JSON.Serializations.StandardSerialization, String, String}"
2735108	"Tuple{typeof(JSON.Writer.show_pair), JSON.Writer.CompactContext{Base.GenericIOBuffer{Array{UInt8, 1}}}, JSON.Serializations.StandardSerialization, String, Nothing}"
44499411	"Tuple{typeof(JSON.Writer.show_pair), JSON.Writer.CompactContext{Base.GenericIOBuffer{Array{UInt8, 1}}}, JSON.Serializations.StandardSerialization, String, Tuple{Int64, Int64}}"
39045475	"Tuple{typeof(JSON.Writer.show_pair), JSON.Writer.CompactContext{Base.GenericIOBuffer{Array{UInt8, 1}}}, JSON.Serializations.StandardSerialization, String, Char}"
3544483	"Tuple{typeof(JSON.Writer.show_pair), JSON.Writer.CompactContext{Base.GenericIOBuffer{Array{UInt8, 1}}}, JSON.Serializations.StandardSerialization, String, Int64}"
119291089	"Tuple{typeof(JSON.Writer.show_pair), JSON.Writer.CompactContext{Base.GenericIOBuffer{Array{UInt8, 1}}}, JSON.Serializations.StandardSerialization, String, Zarr.BloscCompressor}"
10744507	"Tuple{Base.var"##open#355", Base.Pairs{Symbol, Union{}, Tuple{}, NamedTuple{(), Tuple{}}}, typeof(Base.open), Base.var"#360#361"{Array{UInt8, 1}, Tuple{}}, String, Vararg{String}}"
52091372	"Tuple{Type{Array{Float64, 2}}, DataFrames.SubDataFrame{DataFrames.DataFrame, DataFrames.Index, Base.OneTo{Int64}}}"
13586041	"Tuple{typeof(Base.view), Array{Dates.DateTime, 1}, Base.OneTo{Int64}}"
5968210	"Tuple{Type{Pair{Symbol, AbstractArray{T, 1} where T}}, Symbol, Base.SubArray{Dates.DateTime, 1, Array{Dates.DateTime, 1}, Tuple{Base.OneTo{Int64}}, true}}"
35978927	"Tuple{typeof(Base.copyto!), Array{Float64, 2}, Int64, Base.SubArray{Dates.DateTime, 1, Array{Dates.DateTime, 1}, Tuple{Base.OneTo{Int64}}, true}}"
13061327	"Tuple{typeof(Base.view), Array{Float64, 1}, Base.OneTo{Int64}}"
5770796	"Tuple{Type{Pair{Symbol, AbstractArray{T, 1} where T}}, Symbol, Base.SubArray{Float64, 1, Array{Float64, 1}, Tuple{Base.OneTo{Int64}}, true}}"
36191451	"Tuple{typeof(Base.copyto!), Array{Float64, 2}, Int64, Base.SubArray{Float64, 1, Array{Float64, 1}, Tuple{Base.OneTo{Int64}}, true}}"
7941821	"Tuple{typeof(Base.setindex!), Zarr.ZArray{Float64, 2, Zarr.BloscCompressor, Zarr.DirectoryStore}, Array{Float64, 2}, Base.UnitRange{Int64}, Function}"
23585090	"Tuple{typeof(DiskArrays.setindex_disk!), Zarr.ZArray{Float64, 2, Zarr.BloscCompressor, Zarr.DirectoryStore}, Array{Float64, 2}, Base.UnitRange{Int64}, Vararg{Any}}"
6258382	"Tuple{typeof(DiskArrays.interpret_indices_disk), Zarr.ZArray{Float64, 2, Zarr.BloscCompressor, Zarr.DirectoryStore}, Tuple{Base.UnitRange{Int64}, Base.Colon}}"
6057017	"Tuple{typeof(Base.map), typeof(DiskArrays._convert_index), Tuple{Base.UnitRange{Int64}, Base.Colon}, Tuple{Int64, Int64}}"
6630770	"Tuple{typeof(Base.indexed_iterate), Tuple{Tuple{Base.UnitRange{Int64}, Base.OneTo{Int64}}, DiskArrays.DimsDropper{Tuple{}}}, Int64}"
6798245	"Tuple{typeof(Base.indexed_iterate), Tuple{Tuple{Base.UnitRange{Int64}, Base.OneTo{Int64}}, DiskArrays.DimsDropper{Tuple{}}}, Int64, Int64}"
5375108	"Tuple{typeof(Base.map), typeof(Base.length), Tuple{Base.UnitRange{Int64}, Base.OneTo{Int64}}}"
15072977	"Tuple{typeof(Base.reshape), Array{Float64, 2}, Tuple{Int64, Int64}}"
4478675	"Tuple{typeof(DiskArrays.writeblock!), Zarr.ZArray{Float64, 2, Zarr.BloscCompressor, Zarr.DirectoryStore}, Array{Float64, 2}, Base.UnitRange{Int64}, Vararg{Base.AbstractUnitRange{T} where T}}"
4988119	"Tuple{Type{Base.IteratorsMD.CartesianIndices{N, R} where R<:Tuple{Vararg{Base.OrdinalRange{Int64, Int64}, N}} where N}, Tuple{Base.UnitRange{Int64}, Base.OneTo{Int64}}}"
71613675	"Tuple{Zarr.var"#readblock!##kw", NamedTuple{(:readmode,), Tuple{Bool}}, typeof(Zarr.readblock!), Array{Float64, 2}, Zarr.ZArray{Float64, 2, Zarr.BloscCompressor, Zarr.DirectoryStore}, Base.IteratorsMD.CartesianIndices{2, Tuple{Base.UnitRange{Int64}, Base.OneTo{Int64}}}}"
8324599	"Tuple{Type{NamedTuple{(:name, :tf, :data, :z), T} where T<:Tuple}, Tuple{String, String, DataFrames.DataFrame, Zarr.ZArray{Float64, 2, Zarr.BloscCompressor, Zarr.DirectoryStore}}}"
7910372	"Tuple{Core.var"#Type##kw", NamedTuple{(:name, :tf, :data, :z), Tuple{String, String, DataFrames.DataFrame, Zarr.ZArray{Float64, 2, Zarr.BloscCompressor, Zarr.DirectoryStore}}}, Type{Backtest.Misc.PairData}}"
10766566	"Tuple{PyCall.PyObject, Int64}"
40952928	"Tuple{Core.var"#Any##kw", NamedTuple{(:clear,), Tuple{Bool}}, PyCall.PyObject}"
15052817	"Tuple{Base.Cartesian.var"#@ncall", LineNumberNode, Module, Int64, Any, Vararg{Any}}"
5291440	"Tuple{BacktestCLI.var"#fetch##kw", NamedTuple{(:exchange,), Tuple{String}}, typeof(BacktestCLI.fetch), String, Vararg{String}}"
50992155	"Tuple{BacktestCLI.var"##fetch#1", String, String, String, String, Bool, String, typeof(BacktestCLI.fetch), String, Vararg{String}}"
