    CondaPkg Found dependencies: /home/fra/.julia/packages/PythonCall/7klbm/CondaPkg.toml
    CondaPkg Found dependencies: /home/fra/dev/Backtest.jl/CondaPkg.toml
    CondaPkg Creating environment

                                           __
          __  ______ ___  ____ _____ ___  / /_  ____ _
         / / / / __ `__ \/ __ `/ __ `__ \/ __ \/ __ `/
        / /_/ / / / / / / /_/ / / / / / / /_/ / /_/ /
       / .___/_/ /_/ /_/\__,_/_/ /_/ /_/_.___/\__,_/
      /_/

conda-forge/linux-64     Using cache
conda-forge/noarch       Using cache

Transaction

  Prefix: /tmp/jl_f3N4yT/.CondaPkg/env

  Updating specs:

   - pip
   - python[version='>=3.5,<4']


  Package               Version  Build               Channel                    Size
──────────────────────────────────────────────────────────────────────────────────────
  Install:
──────────────────────────────────────────────────────────────────────────────────────

  + _libgcc_mutex           0.1  conda_forge         conda-forge/linux-64     Cached
  + _openmp_mutex           4.5  1_gnu               conda-forge/linux-64     Cached
  + bzip2                 1.0.8  h7f98852_4          conda-forge/linux-64     Cached
  + ca-certificates   2021.10.8  ha878542_0          conda-forge/linux-64     Cached
  + ld_impl_linux-64     2.36.1  hea4e1c9_2          conda-forge/linux-64     Cached
  + libffi                3.4.2  h7f98852_5          conda-forge/linux-64     Cached
  + libgcc-ng            11.2.0  h1d223b6_11         conda-forge/linux-64     Cached
  + libgomp              11.2.0  h1d223b6_11         conda-forge/linux-64     Cached
  + libnsl                2.0.0  h7f98852_0          conda-forge/linux-64     Cached
  + libuuid              2.32.1  h7f98852_1000       conda-forge/linux-64     Cached
  + libzlib              1.2.11  h36c2ea0_1013       conda-forge/linux-64     Cached
  + ncurses                 6.2  h58526e2_4          conda-forge/linux-64     Cached
  + openssl               3.0.0  h7f98852_2          conda-forge/linux-64     Cached
  + pip                  21.3.1  pyhd8ed1ab_0        conda-forge/noarch       Cached
  + python               3.10.2  h543edf9_0_cpython  conda-forge/linux-64     Cached
  + python_abi             3.10  2_cp310             conda-forge/linux-64     Cached
  + readline                8.1  h46c0cb4_0          conda-forge/linux-64     Cached
  + setuptools           60.5.0  py310hff52083_0     conda-forge/linux-64     Cached
  + sqlite               3.37.0  h9cd32fc_0          conda-forge/linux-64     Cached
  + tk                   8.6.11  h27826a3_1          conda-forge/linux-64     Cached
  + tzdata                2021e  he74cb21_0          conda-forge/noarch       Cached
  + wheel                0.37.1  pyhd8ed1ab_0        conda-forge/noarch       Cached
  + xz                    5.2.5  h516909a_1          conda-forge/linux-64     Cached
  + zlib                 1.2.11  h36c2ea0_1013       conda-forge/linux-64     Cached

  Summary:

  Install: 24 packages

  Total download: 0  B

──────────────────────────────────────────────────────────────────────────────────────


Transaction starting
Linking _libgcc_mutex-0.1-conda_forge
Linking ld_impl_linux-64-2.36.1-hea4e1c9_2
Linking ca-certificates-2021.10.8-ha878542_0
Linking libgomp-11.2.0-h1d223b6_11
Linking _openmp_mutex-4.5-1_gnu
Linking libgcc-ng-11.2.0-h1d223b6_11
Linking libuuid-2.32.1-h7f98852_1000
Linking xz-5.2.5-h516909a_1
Linking openssl-3.0.0-h7f98852_2
Linking libffi-3.4.2-h7f98852_5
Linking bzip2-1.0.8-h7f98852_4
Linking ncurses-6.2-h58526e2_4
Linking libzlib-1.2.11-h36c2ea0_1013
Linking libnsl-2.0.0-h7f98852_0
Linking readline-8.1-h46c0cb4_0
Linking zlib-1.2.11-h36c2ea0_1013
Linking tk-8.6.11-h27826a3_1
Linking sqlite-3.37.0-h9cd32fc_0
Linking tzdata-2021e-he74cb21_0
Linking python-3.10.2-h543edf9_0_cpython
Linking python_abi-3.10-2_cp310
Linking setuptools-60.5.0-py310hff52083_0
Linking wheel-0.37.1-pyhd8ed1ab_0
Linking pip-21.3.1-pyhd8ed1ab_0
Transaction finished
             /home/fra/.julia/scratchspaces/0b3b1443-0f03-428d-bdfb-f27f9c1191ea/install/micromamba
             -r
             /home/fra/.julia/scratchspaces/0b3b1443-0f03-428d-bdfb-f27f9c1191ea/root
             create
             -y
             -p
             /tmp/jl_f3N4yT/.CondaPkg/env
             --no-channel-priority
             pip
             python >=3.5,<4
             -c
             conda-forge
    CondaPkg Installing Pip dependencies
Collecting enlighten
  Using cached enlighten-1.10.2-py2.py3-none-any.whl (53 kB)
Collecting ccxt
  Using cached ccxt-1.68.99-py2.py3-none-any.whl (2.3 MB)
Collecting prefixed>=0.3.2
  Using cached prefixed-0.3.2-py2.py3-none-any.whl (11 kB)
Collecting blessed>=1.17.7
  Using cached blessed-1.19.1-py2.py3-none-any.whl (58 kB)
Collecting certifi>=2018.1.18
  Using cached certifi-2021.10.8-py2.py3-none-any.whl (149 kB)
Collecting aiohttp>=3.8
  Using cached aiohttp-3.8.1-cp310-cp310-manylinux_2_5_x86_64.manylinux1_x86_64.manylinux_2_12_x86_64.manylinux2010_x86_64.whl (1.2 MB)
Collecting aiodns>=1.1.1
  Using cached aiodns-3.0.0-py3-none-any.whl (5.0 kB)
Requirement already satisfied: setuptools>=38.5.1 in /tmp/jl_f3N4yT/.CondaPkg/env/lib/python3.10/site-packages (from ccxt) (60.5.0)
Collecting requests>=2.18.4
  Using cached requests-2.27.1-py2.py3-none-any.whl (63 kB)
Collecting yarl==1.7.2
  Using cached yarl-1.7.2-cp310-cp310-manylinux_2_5_x86_64.manylinux1_x86_64.manylinux_2_12_x86_64.manylinux2010_x86_64.whl (305 kB)
Collecting cryptography>=2.6.1
  Using cached cryptography-36.0.1-cp36-abi3-manylinux_2_24_x86_64.whl (3.6 MB)
Collecting multidict>=4.0
  Using cached multidict-5.2.0-cp310-cp310-manylinux_2_5_x86_64.manylinux1_x86_64.manylinux_2_12_x86_64.manylinux2010_x86_64.whl (175 kB)
Collecting idna>=2.0
  Using cached idna-3.3-py3-none-any.whl (61 kB)
Collecting pycares>=4.0.0
  Using cached pycares-4.1.2-cp310-cp310-manylinux_2_5_x86_64.manylinux1_x86_64.manylinux_2_12_x86_64.manylinux2010_x86_64.whl (291 kB)
Collecting attrs>=17.3.0
  Using cached attrs-21.4.0-py2.py3-none-any.whl (60 kB)
Collecting charset-normalizer<3.0,>=2.0
  Using cached charset_normalizer-2.0.10-py3-none-any.whl (39 kB)
Collecting async-timeout<5.0,>=4.0.0a3
  Using cached async_timeout-4.0.2-py3-none-any.whl (5.8 kB)
Collecting aiosignal>=1.1.2
  Using cached aiosignal-1.2.0-py3-none-any.whl (8.2 kB)
Collecting frozenlist>=1.1.1
  Using cached frozenlist-1.3.0-cp310-cp310-manylinux_2_5_x86_64.manylinux1_x86_64.manylinux_2_17_x86_64.manylinux2014_x86_64.whl (157 kB)
Collecting wcwidth>=0.1.4
  Using cached wcwidth-0.2.5-py2.py3-none-any.whl (30 kB)
Collecting six>=1.9.0
  Using cached six-1.16.0-py2.py3-none-any.whl (11 kB)
Collecting cffi>=1.12
  Using cached cffi-1.15.0-cp310-cp310-manylinux_2_12_x86_64.manylinux2010_x86_64.whl (446 kB)
Collecting urllib3<1.27,>=1.21.1
  Using cached urllib3-1.26.8-py2.py3-none-any.whl (138 kB)
Collecting pycparser
  Using cached pycparser-2.21-py2.py3-none-any.whl (118 kB)
Installing collected packages: pycparser, multidict, idna, frozenlist, cffi, yarl, wcwidth, urllib3, six, pycares, charset-normalizer, certifi, attrs, async-timeout, aiosignal, requests, prefixed, cryptography, blessed, aiohttp, aiodns, enlighten, ccxt
Successfully installed aiodns-3.0.0 aiohttp-3.8.1 aiosignal-1.2.0 async-timeout-4.0.2 attrs-21.4.0 blessed-1.19.1 ccxt-1.68.99 certifi-2021.10.8 cffi-1.15.0 charset-normalizer-2.0.10 cryptography-36.0.1 enlighten-1.10.2 frozenlist-1.3.0 idna-3.3 multidict-5.2.0 prefixed-0.3.2 pycares-4.1.2 pycparser-2.21 requests-2.27.1 six-1.16.0 urllib3-1.26.8 wcwidth-0.2.5 yarl-1.7.2
[ Info: installing App...
  Activating project at `~/.julia/scratchspaces/dd3f7155-34c1-473d-a171-ef1e8dc6f388/env`
   Resolving package versions...
    Updating `~/.julia/scratchspaces/dd3f7155-34c1-473d-a171-ef1e8dc6f388/env/Project.toml`
  [dd3f7155] + BacktestCLI v0.1.0 `~/dev/Backtest.jl/cli`
    Updating `~/.julia/scratchspaces/dd3f7155-34c1-473d-a171-ef1e8dc6f388/env/Manifest.toml`
  [dd3f7155] + BacktestCLI v0.1.0 `~/dev/Backtest.jl/cli`
    Updating registry at `~/.julia/registries/General.toml`
    Updating git-repo `https://github.com/meggart/Zarr.jl.git`
    Updating git-repo `https://github.com/comonicon/Comonicon.jl.git`
   Installed Crayons ──── v4.1.1
   Installed DiskArrays ─ v0.3.0
    Updating `~/.julia/scratchspaces/dd3f7155-34c1-473d-a171-ef1e8dc6f388/env/Project.toml`
  [0a941bbe] ~ Zarr v0.7.0 `https://github.com/meggart/Zarr.jl.git#master` ⇒ v0.7.1 `https://github.com/meggart/Zarr.jl.git#master`
    Updating `~/.julia/scratchspaces/dd3f7155-34c1-473d-a171-ef1e8dc6f388/env/Manifest.toml`
  [a8cc5b0e] ↑ Crayons v4.1.0 ⇒ v4.1.1
  [3c3547ce] ↑ DiskArrays v0.2.13 ⇒ v0.3.0
  [69de0a69] ↑ Parsers v1.1.2 ⇒ v2.2.0
  [0a941bbe] ~ Zarr v0.7.0 `https://github.com/meggart/Zarr.jl.git#master` ⇒ v0.7.1 `https://github.com/meggart/Zarr.jl.git#master`
Precompiling project...
[33m  ✓ [39m[90mDiskArrays[39m
[33m  ✓ [39m[90mCrayons[39m
[33m  ✓ [39mZarr
[33m  ✓ [39m[90mPrettyTables[39m
[33m  ✓ [39m[90mDataFrames[39m
[33m  ✓ [39m[90mDataFramesMeta[39m
[33m  ✓ [39mBacktest
[33m  ✓ [39mBacktestCLI
  8 dependencies successfully precompiled in 75 seconds (70 already precompiled)
  [33m8[39m dependencies precompiled but different versions are currently loaded. Restart julia to access the new versions
  Activating project at `~/dev/Backtest.jl/cli`
  Activating project at `/tmp/jl_T4mewG`
   Resolving package versions...
   Installed Librsvg_jll ─ v2.52.4+0
   Installed ProfileView ─ v1.3.1
   Installed Gtk ───────── v1.2.0
    Updating `/tmp/jl_T4mewG/Project.toml`
  [dd3f7155] + BacktestCLI v0.1.0 `~/dev/Backtest.jl/cli`
  [877fb49a] + CompileBot v1.0.6
  [c46f51b8] + ProfileView v1.3.1
  [295af30f] + Revise v3.3.1
  [aa65fe97] + SnoopCompile v2.8.1
    Updating `/tmp/jl_T4mewG/Manifest.toml`
  [1520ce14] + AbstractTrees v0.3.4
  [4fba245c] + ArrayInterface v4.0.1
  [dd3f7155] + BacktestCLI v0.1.0 `~/dev/Backtest.jl/cli`
  [00ebfdb7] + CSTParser v2.5.0
  [159f3aea] + Cairo v1.0.5
  [da1fd8a2] + CodeTracking v1.0.6
  [3da002f7] + ColorTypes v0.11.0
  [5ae59095] + Colors v0.12.8
  [a80b9123] + CommonMark v0.6.4
  [877fb49a] + CompileBot v1.0.6
  [f68482b8] + Cthulhu v2.4.5
  [ffbed154] + DocStringExtensions v0.8.6
  [e30172f5] + Documenter v0.25.5
  [da5c29d0] + EllipsisNotation v1.3.0
  [5789e2e9] + FileIO v1.12.0
  [48062228] + FilePathsBase v0.9.17
  [53c48c17] + FixedPointNumbers v0.8.4
  [08572546] + FlameGraphs v0.2.9
  [1eca21be] + FoldingTrees v1.0.1
  [6b79fd1a] + GitHubActions v0.1.4
  [a2bd30eb] + Graphics v1.1.1
  [4c0ca9eb] + Gtk v1.2.0
  [8710efd8] + GtkObservables v1.1.0
  [b5f81e59] + IOCapture v0.1.1
  [615f187c] + IfElse v0.1.1
  [9b13fd28] + IndirectArrays v1.0.0
  [8197267c] + IntervalSets v0.5.3
  [98e50ef6] + JuliaFormatter v0.11.0
  [aa1ae85d] + JuliaInterpreter v0.9.1
  [1d6d02ad] + LeftChildRightSiblingTrees v0.1.3
  [6f1432cf] + LoweredCodeUtils v2.2.0
  [85b6ec6f] + MethodAnalysis v0.4.4
  [77ba4419] + NaNMath v0.3.6
  [510215fc] + Observables v0.4.0
  [c46f51b8] + ProfileView v1.3.1
  [295af30f] + Revise v3.3.1
  [d5f540fe] + RoundingIntegers v1.1.0
  [aa65fe97] + SnoopCompile v2.8.1
  [aedffcd0] + Static v0.5.1
  [69024149] + StringEncodings v0.3.5
  [0796e94c] + Tokenize v0.5.21
  [30578b45] + URIParser v0.4.1
  [ddb6d928] + YAML v0.4.7
  [7b86fcea] + ATK_jll v2.36.1+0
  [83423d85] + Cairo_jll v1.16.1+1
  [ee1fde0b] + Dbus_jll v1.12.16+3
  [2e619515] + Expat_jll v2.2.10+0
  [a3f928ae] + Fontconfig_jll v2.13.93+0
  [d7e528f0] + FreeType2_jll v2.10.4+0
  [559328eb] + FriBidi_jll v1.0.10+0
  [77ec8976] + GTK3_jll v3.24.31+0
  [78b55507] + Gettext_jll v0.21.0+0
  [7746bdde] + Glib_jll v2.68.3+2
  [3b182d85] + Graphite2_jll v1.3.14+0
  [2e76f6c2] + HarfBuzz_jll v2.8.1+1
  [aacddb02] + JpegTurbo_jll v2.1.0+0
  [dd4b983a] + LZO_jll v2.10.1+0
  [42c93a91] + Libepoxy_jll v1.5.8+1
  [e9f186c6] + Libffi_jll v3.2.2+1
  [d4300ac3] + Libgcrypt_jll v1.8.7+0
  [7e76a0d4] + Libglvnd_jll v1.3.0+3
  [7add5ba3] + Libgpg_error_jll v1.42.0+0
  [4b2f31a3] + Libmount_jll v2.35.0+0
  [925c91fb] + Librsvg_jll v2.52.4+0
  [89763e89] + Libtiff_jll v4.3.0+0
  [38a345b3] + Libuuid_jll v2.36.0+0
  [2f80f16e] + PCRE_jll v8.44.0+0
  [36c8627f] + Pango_jll v1.47.0+0
  [30392449] + Pixman_jll v0.40.1+0
  [a2964d1f] + Wayland_jll v1.19.0+0
  [2381bf8a] + Wayland_protocols_jll v1.23.0+0
  [aed1982a] + XSLT_jll v1.1.34+0
  [4f6342f7] + Xorg_libX11_jll v1.6.9+4
  [0c0b7dd1] + Xorg_libXau_jll v1.0.9+4
  [3c9796d7] + Xorg_libXcomposite_jll v0.4.5+4
  [935fb764] + Xorg_libXcursor_jll v1.2.0+4
  [0aeada51] + Xorg_libXdamage_jll v1.1.5+4
  [a3789734] + Xorg_libXdmcp_jll v1.1.3+4
  [1082639a] + Xorg_libXext_jll v1.3.4+4
  [d091e8ba] + Xorg_libXfixes_jll v5.0.3+4
  [a51aa0fd] + Xorg_libXi_jll v1.7.10+4
  [d1454406] + Xorg_libXinerama_jll v1.1.4+4
  [ec84b674] + Xorg_libXrandr_jll v1.5.2+4
  [ea2f1a96] + Xorg_libXrender_jll v0.9.10+4
  [b6f176f1] + Xorg_libXtst_jll v1.2.3+4
  [14d82f49] + Xorg_libpthread_stubs_jll v0.1.0+3
  [c7cfdc94] + Xorg_libxcb_jll v1.13.0+3
  [cc61e674] + Xorg_libxkbfile_jll v1.1.0+4
  [35661453] + Xorg_xkbcomp_jll v1.4.2+4
  [33bec58e] + Xorg_xkeyboard_config_jll v2.27.0+4
  [c5fb5394] + Xorg_xtrans_jll v1.4.0+3
  [b437f822] + adwaita_icon_theme_jll v3.33.92+5
  [de012916] + at_spi2_atk_jll v2.34.1+4
  [0fc3237b] + at_spi2_core_jll v2.34.0+4
  [da03df04] + gdk_pixbuf_jll v2.42.6+1
  [059c91fe] + hicolor_icon_theme_jll v0.17.0+3
  [bf975903] + iso_codes_jll v4.3.0+4
  [b53b4c65] + libpng_jll v1.6.38+0
  [d8fb68d0] + xkbcommon_jll v0.9.1+5
  [7b1f6079] + FileWatching
  [9abbd945] + Profile
    Updating registry at `~/.julia/registries/General.toml`
    Updating git-repo `https://github.com/meggart/Zarr.jl.git`
    Updating git-repo `https://github.com/comonicon/Comonicon.jl.git`
    Updating `/tmp/jl_T4mewG/Project.toml`
  [0a941bbe] ~ Zarr v0.7.0 `https://github.com/meggart/Zarr.jl.git#master` ⇒ v0.7.1 `https://github.com/meggart/Zarr.jl.git#master`
    Updating `/tmp/jl_T4mewG/Manifest.toml`
  [a8cc5b0e] ↑ Crayons v4.1.0 ⇒ v4.1.1
  [3c3547ce] ↑ DiskArrays v0.2.13 ⇒ v0.3.0
  [69de0a69] ↑ Parsers v1.1.2 ⇒ v2.2.0
  [0a941bbe] ~ Zarr v0.7.0 `https://github.com/meggart/Zarr.jl.git#master` ⇒ v0.7.1 `https://github.com/meggart/Zarr.jl.git#master`
Precompiling project...
[32m  ✓ [39m[90mLibrsvg_jll[39m
[32m  ✓ [39m[90mGtk[39m
[32m  ✓ [39m[90mGtkObservables[39m
[32m  ✓ [39mProfileView
  4 dependencies successfully precompiled in 25 seconds (172 already precompiled)
  Activating project at `~/dev/Backtest.jl/cli`
- PackageCompiler: compiling incremental system image
[ Info: Done.
             /tmp/jl_f3N4yT/.CondaPkg/env/bin/pip
             install
             enlighten
             ccxt
